TN:
SF:script/Deployer.s.sol
FN:12,Deployer.run
FNDA:0,Deployer.run
DA:13,0
DA:14,0
DA:22,0
DA:27,0
FNF:1
FNH:0
LF:4
LH:0
BRF:0
BRH:0
end_of_record
TN:
SF:src/Stones.sol
FN:79,Stones.
FNDA:14,Stones.
DA:88,14
DA:89,14
DA:90,14
DA:91,14
DA:92,14
BRDA:92,0,0,1
BRDA:92,0,1,13
DA:93,13
DA:94,13
DA:95,13
FN:98,Stones.placeBet
FNDA:795,Stones.placeBet
DA:103,795
BRDA:103,1,0,1
BRDA:103,1,1,794
DA:104,794
DA:110,794
BRDA:110,2,0,2
BRDA:110,2,1,792
DA:111,792
BRDA:111,3,0,2
BRDA:111,3,1,790
DA:112,790
BRDA:112,4,0,1
BRDA:112,4,1,789
DA:114,789
DA:121,789
DA:123,789
DA:125,789
DA:127,789
DA:129,789
DA:131,789
DA:133,789
DA:135,789
BRDA:135,5,0,263
DA:136,263
DA:138,789
FN:141,Stones.roll
FNDA:262,Stones.roll
DA:142,262
BRDA:142,6,0,1
BRDA:142,6,1,261
DA:143,261
BRDA:143,7,0,1
BRDA:143,7,1,260
DA:144,260
BRDA:144,8,0,1
BRDA:144,8,1,259
DA:145,259
FN:148,Stones._roll
FNDA:259,Stones._roll
DA:149,259
DA:162,259
DA:163,259
DA:164,259
DA:165,259
FN:168,Stones.fulfillRandomWords
FNDA:258,Stones.fulfillRandomWords
DA:173,258
DA:175,258
DA:177,258
DA:178,258
DA:179,258
DA:180,664
BRDA:180,9,0,258
DA:181,258
DA:182,258
DA:184,406
DA:187,258
DA:189,258
DA:190,258
FN:193,Stones.executeResult
FNDA:3,Stones.executeResult
DA:194,3
BRDA:194,10,0,1
BRDA:194,10,1,2
DA:195,2
DA:197,2
DA:199,2
DA:201,2
DA:203,2
DA:205,2
DA:207,2
DA:209,2
DA:211,2
DA:212,2
DA:214,2
DA:216,2
DA:218,2
DA:220,2
DA:222,2
DA:224,2
DA:226,2
DA:228,2
DA:234,2
DA:235,2
DA:236,8
DA:238,8
DA:240,6
DA:242,2
FN:245,Stones.getAddress
FNDA:1,Stones.getAddress
DA:246,1
FN:249,Stones.getVersion
FNDA:13,Stones.getVersion
DA:250,13
FN:253,Stones.getFeeType
FNDA:1588,Stones.getFeeType
DA:254,1588
FN:257,Stones.getStaking
FNDA:789,Stones.getStaking
DA:258,789
FN:261,Stones.getCurrentRound
FNDA:265,Stones.getCurrentRound
DA:262,1317
FN:265,Stones.getRoundBetsCount
FNDA:3,Stones.getRoundBetsCount
DA:266,1052
FN:268,Stones.getRoundBank
FNDA:3,Stones.getRoundBank
DA:269,3
FN:272,Stones.getRoundSideBank
FNDA:10,Stones.getRoundSideBank
DA:276,10
FNF:14
FNH:14
LF:78
LH:78
BRF:20
BRH:20
end_of_record
TN:
SF:src/StonesBet.sol
FN:20,StonesBet.
FNDA:789,StonesBet.
DA:26,789
DA:27,789
DA:28,789
DA:29,789
DA:30,789
DA:31,789
FN:34,StonesBet.getPlayer
FNDA:792,StonesBet.getPlayer
DA:35,792
FN:38,StonesBet.getGame
FNDA:789,StonesBet.getGame
DA:39,789
FN:42,StonesBet.getAmount
FNDA:2372,StonesBet.getAmount
DA:43,2372
FN:46,StonesBet.getStatus
FNDA:2,StonesBet.getStatus
DA:47,2
FN:50,StonesBet.getCreated
FNDA:1,StonesBet.getCreated
DA:51,1
FN:54,StonesBet.getResult
FNDA:2,StonesBet.getResult
DA:55,2
FN:58,StonesBet.getSide
FNDA:9,StonesBet.getSide
DA:59,9
FN:62,StonesBet.getBetInfo
FNDA:1,StonesBet.getBetInfo
DA:68,1
FN:71,StonesBet.setStatus
FNDA:8,StonesBet.setStatus
DA:72,8
FN:75,StonesBet.setResult
FNDA:2,StonesBet.setResult
DA:76,2
FNF:11
FNH:11
LF:16
LH:16
BRF:0
BRH:0
end_of_record
TN:
SF:src/shared/BetsMemory.sol
FN:32,BetsMemory.
FNDA:13,BetsMemory.
DA:33,13
FN:36,BetsMemory.getBets
FNDA:0,BetsMemory.getBets
DA:37,0
FN:40,BetsMemory.getBet
FNDA:0,BetsMemory.getBet
DA:41,0
FN:44,BetsMemory.getBets
FNDA:0,BetsMemory.getBets
DA:49,0
DA:50,0
DA:52,0
BRDA:52,0,0,-
DA:53,0
DA:55,0
BRDA:55,1,0,-
DA:56,0
DA:58,0
DA:59,0
BRDA:59,2,0,-
DA:60,0
DA:62,0
DA:63,0
DA:65,0
DA:66,0
BRDA:66,3,0,-
DA:67,0
DA:68,0
DA:69,0
BRDA:69,4,0,-
DA:70,0
DA:74,0
FN:77,BetsMemory.getLastBets
FNDA:0,BetsMemory.getLastBets
DA:80,0
DA:81,0
DA:82,0
BRDA:82,6,0,-
DA:83,0
DA:85,0
BRDA:85,7,0,-
DA:86,0
DA:88,0
DA:89,0
DA:90,0
DA:91,0
DA:92,0
DA:93,0
DA:95,0
FN:98,BetsMemory.getPlayersVolume
FNDA:0,BetsMemory.getPlayersVolume
DA:99,0
FN:102,BetsMemory.getPlayerBetsCount
FNDA:0,BetsMemory.getPlayerBetsCount
DA:103,0
FN:106,BetsMemory.getBetsCount
FNDA:0,BetsMemory.getBetsCount
DA:107,0
FN:110,BetsMemory.getGamesBetsCount
FNDA:0,BetsMemory.getGamesBetsCount
DA:111,0
FN:114,BetsMemory.addBet
FNDA:789,BetsMemory.addBet
DA:115,789
DA:116,789
DA:117,789
DA:118,789
DA:119,789
DA:120,789
DA:121,789
DA:122,789
DA:123,789
DA:124,789
DA:125,789
DA:126,789
FN:129,BetsMemory.addAggregator
FNDA:13,BetsMemory.addAggregator
DA:130,13
DA:131,13
FN:134,BetsMemory.removeAggregator
FNDA:0,BetsMemory.removeAggregator
DA:135,0
DA:136,0
FN:139,BetsMemory.setPass
FNDA:13,BetsMemory.setPass
DA:140,13
DA:141,13
FNF:13
FNH:4
LF:56
LH:17
BRF:7
BRH:0
end_of_record
TN:
SF:src/shared/Core.sol
FN:56,Core.
FNDA:13,Core.
DA:62,13
DA:63,13
DA:64,13
DA:65,13
FN:70,Core.addTariff
FNDA:13,Core.addTariff
DA:75,13
BRDA:75,0,0,-
BRDA:75,0,1,13
DA:76,13
BRDA:76,1,0,-
BRDA:76,1,1,13
DA:77,13
DA:78,13
DA:79,13
DA:80,13
DA:81,13
FN:84,Core.removeTariff
FNDA:0,Core.removeTariff
DA:85,0
BRDA:85,2,0,-
BRDA:85,2,1,-
DA:86,0
DA:87,0
DA:88,0
DA:89,0
DA:90,0
FN:93,Core.getTariffs
FNDA:0,Core.getTariffs
DA:94,0
FN:101,Core.addPartner
FNDA:13,Core.addPartner
DA:103,13
BRDA:103,3,0,-
BRDA:103,3,1,13
DA:105,13
DA:107,13
DA:109,13
DA:111,13
DA:113,13
DA:115,13
DA:117,13
FN:120,Core.getPartners
FNDA:0,Core.getPartners
DA:121,0
FN:128,Core.addGame
FNDA:13,Core.addGame
DA:129,13
BRDA:129,4,0,-
BRDA:129,4,1,13
DA:130,13
DA:131,13
DA:132,13
FN:135,Core.getGames
FNDA:0,Core.getGames
DA:136,0
FN:139,Core.isGame
FNDA:0,Core.isGame
DA:140,0
FN:143,Core.isStaking
FNDA:14,Core.isStaking
DA:144,14
FN:147,Core.removeGame
FNDA:0,Core.removeGame
DA:148,0
BRDA:148,5,0,-
BRDA:148,5,1,-
DA:149,0
DA:150,0
DA:151,0
DA:152,0
DA:153,0
FN:160,Core.addStaking
FNDA:13,Core.addStaking
DA:161,13
BRDA:161,6,0,-
BRDA:161,6,1,13
DA:162,13
DA:163,13
DA:164,13
FN:167,Core.getStakings
FNDA:0,Core.getStakings
DA:168,0
FN:171,Core.removeStaking
FNDA:0,Core.removeStaking
DA:172,0
BRDA:172,7,0,-
BRDA:172,7,1,-
DA:177,0
BRDA:177,8,0,-
BRDA:177,8,1,-
DA:178,0
DA:179,0
DA:181,0
DA:183,0
DA:185,0
DA:187,0
DA:188,0
FN:193,Core.placeBet
FNDA:794,Core.placeBet
DA:200,794
BRDA:200,9,0,-
BRDA:200,9,1,794
DA:202,794
BRDA:202,10,0,-
BRDA:202,10,1,794
DA:204,794
BRDA:204,11,0,-
BRDA:204,11,1,794
DA:206,794
DA:208,794
DA:210,794
DA:212,794
BRDA:212,12,0,-
BRDA:212,12,1,794
DA:214,0
DA:216,0
DA:222,0
DA:223,794
BRDA:223,13,0,794
DA:225,794
DA:227,794
DA:230,794
DA:232,789
DA:234,789
FN:237,Core.stake
FNDA:0,Core.stake
DA:243,0
BRDA:243,14,0,-
BRDA:243,14,1,-
DA:245,0
BRDA:245,15,0,-
BRDA:245,15,1,-
DA:247,0
BRDA:247,16,0,-
BRDA:247,16,1,-
DA:249,0
BRDA:249,17,0,-
BRDA:249,17,1,-
DA:251,0
DA:253,0
DA:255,0
DA:257,0
FNF:16
FNH:7
LF:78
LH:41
BRF:35
BRH:10
end_of_record
TN:
SF:src/shared/Partner.sol
FN:17,Partner.
FNDA:13,Partner.
DA:18,13
DA:19,13
DA:20,13
FN:23,Partner.placeBet
FNDA:795,Partner.placeBet
DA:28,795
BRDA:28,0,0,1
BRDA:28,0,1,794
DA:29,794
FN:32,Partner.stake
FNDA:0,Partner.stake
DA:33,0
BRDA:33,1,0,-
BRDA:33,1,1,-
DA:34,0
FN:37,Partner.withdraw
FNDA:0,Partner.withdraw
DA:38,0
FNF:4
FNH:2
LF:8
LH:5
BRF:4
BRH:2
end_of_record
TN:
SF:src/shared/Pass.sol
FN:23,Pass.
FNDA:13,Pass.
DA:24,13
FN:27,Pass.mint
FNDA:13,Pass.mint
DA:28,13
BRDA:28,0,0,-
DA:30,0
BRDA:30,1,0,-
BRDA:30,1,1,-
DA:32,0
BRDA:32,2,0,-
BRDA:32,2,1,-
DA:34,0
BRDA:34,3,0,-
BRDA:34,3,1,-
DA:36,0
BRDA:36,4,0,-
BRDA:36,4,1,-
DA:38,0
BRDA:38,5,0,-
BRDA:38,5,1,-
DA:41,13
DA:43,13
DA:45,13
FN:48,Pass.transferFrom
FNDA:0,Pass.transferFrom
DA:50,0
BRDA:50,6,0,-
BRDA:50,6,1,-
FN:54,Pass.supportsInterface
FNDA:0,Pass.supportsInterface
DA:55,0
FN:58,Pass.disableMint
FNDA:0,Pass.disableMint
DA:59,0
BRDA:59,7,0,-
BRDA:59,7,1,-
DA:60,0
FN:63,Pass.enableMint
FNDA:0,Pass.enableMint
DA:64,0
BRDA:64,8,0,-
BRDA:64,8,1,-
DA:65,0
FNF:6
FNH:2
LF:16
LH:5
BRF:17
BRH:0
end_of_record
TN:
SF:src/shared/Tariff.sol
FN:9,Tariff.
FNDA:0,Tariff.
DA:10,0
DA:11,0
DA:12,0
FNF:1
FNH:0
LF:3
LH:0
BRF:0
BRH:0
end_of_record
TN:
SF:src/shared/Token.sol
FN:9,Token.
FNDA:13,Token.
DA:10,13
FNF:1
FNH:1
LF:1
LH:1
BRF:0
BRH:0
end_of_record
TN:
SF:src/shared/affiliate/AffiliateMember.sol
FN:30,AffiliateMember._push
FNDA:13,AffiliateMember._push
DA:31,13
BRDA:31,0,0,13
DA:32,13
DA:33,13
DA:34,13
DA:35,13
DA:36,13
FN:39,AffiliateMember.getInviter
FNDA:789,AffiliateMember.getInviter
DA:40,789
FN:43,AffiliateMember.getInviteesCount
FNDA:0,AffiliateMember.getInviteesCount
DA:44,0
FN:47,AffiliateMember.getMembersCount
FNDA:0,AffiliateMember.getMembersCount
DA:48,13
FN:51,AffiliateMember.getInvitee
FNDA:0,AffiliateMember.getInvitee
DA:52,0
FN:55,AffiliateMember.getInvitees
FNDA:0,AffiliateMember.getInvitees
DA:56,0
FN:59,AffiliateMember.claimDirectBettingBonus
FNDA:0,AffiliateMember.claimDirectBettingBonus
DA:60,0
FN:63,AffiliateMember.claimDirectStakingBonus
FNDA:0,AffiliateMember.claimDirectStakingBonus
DA:64,0
FN:67,AffiliateMember.claimMatchingBonus
FNDA:0,AffiliateMember.claimMatchingBonus
DA:68,0
FN:71,AffiliateMember.getClaimedDirectStakingBonus
FNDA:0,AffiliateMember.getClaimedDirectStakingBonus
DA:72,0
FN:75,AffiliateMember.getClaimedDirectBettingBonus
FNDA:0,AffiliateMember.getClaimedDirectBettingBonus
DA:76,0
FN:79,AffiliateMember.getClaimedMatchingBonus
FNDA:0,AffiliateMember.getClaimedMatchingBonus
DA:80,0
FN:83,AffiliateMember._claimDirectStakingBonus
FNDA:0,AffiliateMember._claimDirectStakingBonus
DA:84,0
FN:87,AffiliateMember._claimDirectBettingBonus
FNDA:0,AffiliateMember._claimDirectBettingBonus
DA:88,0
FN:91,AffiliateMember._claimMatchingBonus
FNDA:0,AffiliateMember._claimMatchingBonus
DA:92,0
FN:95,AffiliateMember.setAffiliate
FNDA:0,AffiliateMember.setAffiliate
DA:96,0
BRDA:96,1,0,-
BRDA:96,1,1,-
DA:97,0
DA:98,0
FNF:16
FNH:2
LF:23
LH:8
BRF:3
BRH:1
end_of_record
TN:
SF:test/ConservativeStakingMock.sol
FN:14,ConservativeStakingMock.
FNDA:13,ConservativeStakingMock.
DA:15,13
DA:16,13
FN:19,ConservativeStakingMock.totalStaked
FNDA:0,ConservativeStakingMock.totalStaked
DA:20,0
FN:23,ConservativeStakingMock.totalStakers
FNDA:0,ConservativeStakingMock.totalStakers
DA:24,0
FN:27,ConservativeStakingMock.getToken
FNDA:2,ConservativeStakingMock.getToken
DA:28,2
FN:31,ConservativeStakingMock.getAddress
FNDA:13,ConservativeStakingMock.getAddress
DA:32,13
FN:35,ConservativeStakingMock.getStaked
FNDA:0,ConservativeStakingMock.getStaked
DA:36,0
FN:39,ConservativeStakingMock.reserveFunds
FNDA:0,ConservativeStakingMock.reserveFunds
FN:41,ConservativeStakingMock.addGame
FNDA:0,ConservativeStakingMock.addGame
DA:42,0
FN:44,ConservativeStakingMock.stake
FNDA:0,ConservativeStakingMock.stake
FNF:9
FNH:3
LF:8
LH:4
BRF:0
BRH:0
end_of_record
